#
# There is insufficient memory for the Java Runtime Environment to continue.
# Native memory allocation (malloc) failed to allocate 2007536 bytes for Chunk::new
# Possible reasons:
#   The system is out of physical RAM or swap space
#   The process is running with CompressedOops enabled, and the Java Heap may be blocking the growth of the native heap
# Possible solutions:
#   Reduce memory load on the system
#   Increase physical memory or swap space
#   Check if swap backing store is full
#   Decrease Java heap size (-Xmx/-Xms)
#   Decrease number of Java threads
#   Decrease Java thread stack sizes (-Xss)
#   Set larger code cache with -XX:ReservedCodeCacheSize=
#   JVM is running with Unscaled Compressed Oops mode in which the Java heap is
#     placed in the first 4GB address space. The Java Heap base address is the
#     maximum limit for the native heap growth. Please use -XX:HeapBaseMinAddress
#     to set the Java Heap base and to place the Java Heap above 4GB virtual address.
# This output file may be truncated or incomplete.
#
#  Out of Memory Error (./src/hotspot/share/memory/arena.cpp:197), pid=5028, tid=14728
#
# JRE version: OpenJDK Runtime Environment (11.0.10) (build 11.0.10+0-b96-7249189)
# Java VM: OpenJDK 64-Bit Server VM (11.0.10+0-b96-7249189, mixed mode, tiered, compressed oops, g1 gc, windows-amd64)
# No core dump will be written. Minidumps are not enabled by default on client versions of Windows
#

---------------  S U M M A R Y ------------

Command Line: org.jetbrains.kotlin.cli.jvm.K2JVMCompiler @D:\AndroidStudioProjects_2022\EnergiaDir\huertosolar\build\20220328_8499613827335787893.compiler.options

Host: AMD Ryzen 3 3250U with Radeon Graphics         , 4 cores, 5G,  Windows 10 , 64 bit Build 19041 (10.0.19041.1566)
Time: Mon Mar 28 12:38:50 2022 Hora de verano romance elapsed time: 2.729214 seconds (0d 0h 0m 2s)

---------------  T H R E A D  ---------------

Current thread (0x00000199b2b9d800):  JavaThread "C2 CompilerThread0" daemon [_thread_in_native, id=14728, stack(0x000000431b600000,0x000000431b700000)]


Current CompileTask:
C2:   2729 1958   !   4       jdk.internal.loader.BuiltinClassLoader::loadClassOrNull (143 bytes)

Stack: [0x000000431b600000,0x000000431b700000]
Native frames: (J=compiled Java code, j=interpreted, Vv=VM code, C=native code)
V  [jvm.dll+0x5ecfaa]
V  [jvm.dll+0x722bd5]
V  [jvm.dll+0x72412d]
V  [jvm.dll+0x7247e3]
V  [jvm.dll+0x242928]
V  [jvm.dll+0xbc4fc]
V  [jvm.dll+0xbca0c]
V  [jvm.dll+0x352d7d]
V  [jvm.dll+0x197e0c]
V  [jvm.dll+0x1fb70e]
V  [jvm.dll+0x1fa7f4]
V  [jvm.dll+0x18354c]
V  [jvm.dll+0x208ee7]
V  [jvm.dll+0x207731]
V  [jvm.dll+0x6eb1cf]
V  [jvm.dll+0x6e3d45]
V  [jvm.dll+0x5ebe96]
C  [ucrtbase.dll+0x21bb2]
C  [KERNEL32.DLL+0x17034]
C  [ntdll.dll+0x52651]


---------------  P R O C E S S  ---------------

Threads class SMR info:
_java_thread_list=0x00000199b3653340, length=10, elements={
0x000001999a353000, 0x00000199b2b70000, 0x00000199b2b74000, 0x00000199b2b91000,
0x00000199b2b93000, 0x00000199b2b95800, 0x00000199b2b9d800, 0x00000199b2ba1000,
0x00000199b2bad000, 0x00000199b3672000
}

Java Threads: ( => current thread )
  0x000001999a353000 JavaThread "main" [_thread_in_native, id=13324, stack(0x000000431aa00000,0x000000431ab00000)]
  0x00000199b2b70000 JavaThread "Reference Handler" daemon [_thread_blocked, id=9592, stack(0x000000431b100000,0x000000431b200000)]
  0x00000199b2b74000 JavaThread "Finalizer" daemon [_thread_blocked, id=13028, stack(0x000000431b200000,0x000000431b300000)]
  0x00000199b2b91000 JavaThread "Signal Dispatcher" daemon [_thread_blocked, id=10300, stack(0x000000431b300000,0x000000431b400000)]
  0x00000199b2b93000 JavaThread "Attach Listener" daemon [_thread_blocked, id=4400, stack(0x000000431b400000,0x000000431b500000)]
  0x00000199b2b95800 JavaThread "Service Thread" daemon [_thread_blocked, id=9460, stack(0x000000431b500000,0x000000431b600000)]
=>0x00000199b2b9d800 JavaThread "C2 CompilerThread0" daemon [_thread_in_native, id=14728, stack(0x000000431b600000,0x000000431b700000)]
  0x00000199b2ba1000 JavaThread "C1 CompilerThread0" daemon [_thread_blocked, id=2920, stack(0x000000431b700000,0x000000431b800000)]
  0x00000199b2bad000 JavaThread "Sweeper thread" daemon [_thread_blocked, id=8720, stack(0x000000431b800000,0x000000431b900000)]
  0x00000199b3672000 JavaThread "Common-Cleaner" daemon [_thread_blocked, id=9848, stack(0x000000431ba00000,0x000000431bb00000)]

Other Threads:
  0x00000199b2b4a000 VMThread "VM Thread" [stack: 0x000000431b000000,0x000000431b100000] [id=3656]
  0x00000199b365b800 WatcherThread [stack: 0x000000431b900000,0x000000431ba00000] [id=14592]
  0x000001999838c000 GCTaskThread "GC Thread#0" [stack: 0x000000431ab00000,0x000000431ac00000] [id=8992]
  0x00000199b3ae4800 GCTaskThread "GC Thread#1" [stack: 0x000000431bb00000,0x000000431bc00000] [id=1224]
  0x000001999a38c000 ConcurrentGCThread "G1 Main Marker" [stack: 0x000000431ac00000,0x000000431ad00000] [id=15236]
  0x000001999a38e800 ConcurrentGCThread "G1 Conc#0" [stack: 0x000000431ad00000,0x000000431ae00000] [id=11864]
  0x000001999a401000 ConcurrentGCThread "G1 Refine#0" [stack: 0x000000431ae00000,0x000000431af00000] [id=13412]
  0x000001999a402000 ConcurrentGCThread "G1 Young RemSet Sampling" [stack: 0x000000431af00000,0x000000431b000000] [id=15280]

Threads with active compile tasks:
C2 CompilerThread0   2744 1958   !   4       jdk.internal.loader.BuiltinClassLoader::loadClassOrNull (143 bytes)

VM state:not at safepoint (normal execution)

VM Mutex/Monitor currently owned by a thread: None

Heap address: 0x00000000a1400000, size: 1516 MB, Compressed Oops mode: 32-bit
Narrow klass base: 0x0000000000000000, Narrow klass shift: 3
Compressed class space size: 1073741824 Address: 0x0000000100000000

Heap:
 garbage-first heap   total 98304K, used 46375K [0x00000000a1400000, 0x0000000100000000)
  region size 1024K, 38 young (38912K), 7 survivors (7168K)
 Metaspace       used 29193K, capacity 29635K, committed 29824K, reserved 1075200K
  class space    used 3461K, capacity 3631K, committed 3712K, reserved 1048576K
Heap Regions: E=young(eden), S=young(survivor), O=old, HS=humongous(starts), HC=humongous(continues), CS=collection set, F=free, A=archive, TAMS=top-at-mark-start (previous, next)
|   0|0x00000000a1400000, 0x00000000a1500000, 0x00000000a1500000|100%|HS|  |TAMS 0x00000000a1500000, 0x00000000a1400000| Complete 
|   1|0x00000000a1500000, 0x00000000a1600000, 0x00000000a1600000|100%|HC|  |TAMS 0x00000000a1600000, 0x00000000a1500000| Complete 
|   2|0x00000000a1600000, 0x00000000a1700000, 0x00000000a1700000|100%|HC|  |TAMS 0x00000000a1700000, 0x00000000a1600000| Complete 
|   3|0x00000000a1700000, 0x00000000a1700000, 0x00000000a1800000|  0%| F|  |TAMS 0x00000000a1700000, 0x00000000a1700000| Untracked 
|   4|0x00000000a1800000, 0x00000000a1814800, 0x00000000a1900000|  8%| O|  |TAMS 0x00000000a1814800, 0x00000000a1800000| Untracked 
|   5|0x00000000a1900000, 0x00000000a1a00000, 0x00000000a1a00000|100%|HS|  |TAMS 0x00000000a1900000, 0x00000000a1900000| Complete 
|   6|0x00000000a1a00000, 0x00000000a1b00000, 0x00000000a1b00000|100%|HC|  |TAMS 0x00000000a1a00000, 0x00000000a1a00000| Complete 
|   7|0x00000000a1b00000, 0x00000000a1c00000, 0x00000000a1c00000|100%|HC|  |TAMS 0x00000000a1b00000, 0x00000000a1b00000| Complete 
|   8|0x00000000a1c00000, 0x00000000a1d00000, 0x00000000a1d00000|100%|HS|  |TAMS 0x00000000a1c00000, 0x00000000a1c00000| Complete 
|   9|0x00000000a1d00000, 0x00000000a1e00000, 0x00000000a1e00000|100%|HC|  |TAMS 0x00000000a1d00000, 0x00000000a1d00000| Complete 
|  10|0x00000000a1e00000, 0x00000000a1f00000, 0x00000000a1f00000|100%|HC|  |TAMS 0x00000000a1e00000, 0x00000000a1e00000| Complete 
|  11|0x00000000a1f00000, 0x00000000a1f00000, 0x00000000a2000000|  0%| F|  |TAMS 0x00000000a1f00000, 0x00000000a1f00000| Untracked 
|  12|0x00000000a2000000, 0x00000000a2000000, 0x00000000a2100000|  0%| F|  |TAMS 0x00000000a2000000, 0x00000000a2000000| Untracked 
|  13|0x00000000a2100000, 0x00000000a2100000, 0x00000000a2200000|  0%| F|  |TAMS 0x00000000a2100000, 0x00000000a2100000| Untracked 
|  14|0x00000000a2200000, 0x00000000a2200000, 0x00000000a2300000|  0%| F|  |TAMS 0x00000000a2200000, 0x00000000a2200000| Untracked 
|  15|0x00000000a2300000, 0x00000000a2300000, 0x00000000a2400000|  0%| F|  |TAMS 0x00000000a2300000, 0x00000000a2300000| Untracked 
|  16|0x00000000a2400000, 0x00000000a2400000, 0x00000000a2500000|  0%| F|  |TAMS 0x00000000a2400000, 0x00000000a2400000| Untracked 
|  17|0x00000000a2500000, 0x00000000a2500000, 0x00000000a2600000|  0%| F|  |TAMS 0x00000000a2500000, 0x00000000a2500000| Untracked 
|  18|0x00000000a2600000, 0x00000000a2600000, 0x00000000a2700000|  0%| F|  |TAMS 0x00000000a2600000, 0x00000000a2600000| Untracked 
|  19|0x00000000a2700000, 0x00000000a2700000, 0x00000000a2800000|  0%| F|  |TAMS 0x00000000a2700000, 0x00000000a2700000| Untracked 
|  20|0x00000000a2800000, 0x00000000a2800000, 0x00000000a2900000|  0%| F|  |TAMS 0x00000000a2800000, 0x00000000a2800000| Untracked 
|  21|0x00000000a2900000, 0x00000000a2900000, 0x00000000a2a00000|  0%| F|  |TAMS 0x00000000a2900000, 0x00000000a2900000| Untracked 
|  22|0x00000000a2a00000, 0x00000000a2a00000, 0x00000000a2b00000|  0%| F|  |TAMS 0x00000000a2a00000, 0x00000000a2a00000| Untracked 
|  23|0x00000000a2b00000, 0x00000000a2b00000, 0x00000000a2c00000|  0%| F|  |TAMS 0x00000000a2b00000, 0x00000000a2b00000| Untracked 
|  24|0x00000000a2c00000, 0x00000000a2c00000, 0x00000000a2d00000|  0%| F|  |TAMS 0x00000000a2c00000, 0x00000000a2c00000| Untracked 
|  25|0x00000000a2d00000, 0x00000000a2d00000, 0x00000000a2e00000|  0%| F|  |TAMS 0x00000000a2d00000, 0x00000000a2d00000| Untracked 
|  26|0x00000000a2e00000, 0x00000000a2e00000, 0x00000000a2f00000|  0%| F|  |TAMS 0x00000000a2e00000, 0x00000000a2e00000| Untracked 
|  27|0x00000000a2f00000, 0x00000000a2f00000, 0x00000000a3000000|  0%| F|  |TAMS 0x00000000a2f00000, 0x00000000a2f00000| Untracked 
|  28|0x00000000a3000000, 0x00000000a3000000, 0x00000000a3100000|  0%| F|  |TAMS 0x00000000a3000000, 0x00000000a3000000| Untracked 
|  29|0x00000000a3100000, 0x00000000a3100000, 0x00000000a3200000|  0%| F|  |TAMS 0x00000000a3100000, 0x00000000a3100000| Untracked 
|  30|0x00000000a3200000, 0x00000000a3200000, 0x00000000a3300000|  0%| F|  |TAMS 0x00000000a3200000, 0x00000000a3200000| Untracked 
|  31|0x00000000a3300000, 0x00000000a3300000, 0x00000000a3400000|  0%| F|  |TAMS 0x00000000a3300000, 0x00000000a3300000| Untracked 
|  32|0x00000000a3400000, 0x00000000a3400000, 0x00000000a3500000|  0%| F|  |TAMS 0x00000000a3400000, 0x00000000a3400000| Untracked 
|  33|0x00000000a3500000, 0x00000000a3500000, 0x00000000a3600000|  0%| F|  |TAMS 0x00000000a3500000, 0x00000000a3500000| Untracked 
|  34|0x00000000a3600000, 0x00000000a3600000, 0x00000000a3700000|  0%| F|  |TAMS 0x00000000a3600000, 0x00000000a3600000| Untracked 
|  35|0x00000000a3700000, 0x00000000a3700000, 0x00000000a3800000|  0%| F|  |TAMS 0x00000000a3700000, 0x00000000a3700000| Untracked 
|  36|0x00000000a3800000, 0x00000000a3800000, 0x00000000a3900000|  0%| F|  |TAMS 0x00000000a3800000, 0x00000000a3800000| Untracked 
|  37|0x00000000a3900000, 0x00000000a3900000, 0x00000000a3a00000|  0%| F|  |TAMS 0x00000000a3900000, 0x00000000a3900000| Untracked 
|  38|0x00000000a3a00000, 0x00000000a3a00000, 0x00000000a3b00000|  0%| F|  |TAMS 0x00000000a3a00000, 0x00000000a3a00000| Untracked 
|  39|0x00000000a3b00000, 0x00000000a3b00000, 0x00000000a3c00000|  0%| F|  |TAMS 0x00000000a3b00000, 0x00000000a3b00000| Untracked 
|  40|0x00000000a3c00000, 0x00000000a3c00000, 0x00000000a3d00000|  0%| F|  |TAMS 0x00000000a3c00000, 0x00000000a3c00000| Untracked 
|  41|0x00000000a3d00000, 0x00000000a3d35720, 0x00000000a3e00000| 20%| S|CS|TAMS 0x00000000a3d00000, 0x00000000a3d00000| Complete 
|  42|0x00000000a3e00000, 0x00000000a3f00000, 0x00000000a3f00000|100%| S|CS|TAMS 0x00000000a3e00000, 0x00000000a3e00000| Complete 
|  43|0x00000000a3f00000, 0x00000000a4000000, 0x00000000a4000000|100%| S|CS|TAMS 0x00000000a3f00000, 0x00000000a3f00000| Complete 
|  44|0x00000000a4000000, 0x00000000a4100000, 0x00000000a4100000|100%| S|CS|TAMS 0x00000000a4000000, 0x00000000a4000000| Complete 
|  45|0x00000000a4100000, 0x00000000a4200000, 0x00000000a4200000|100%| S|CS|TAMS 0x00000000a4100000, 0x00000000a4100000| Complete 
|  46|0x00000000a4200000, 0x00000000a4300000, 0x00000000a4300000|100%| S|CS|TAMS 0x00000000a4200000, 0x00000000a4200000| Complete 
|  47|0x00000000a4300000, 0x00000000a4400000, 0x00000000a4400000|100%| S|CS|TAMS 0x00000000a4300000, 0x00000000a4300000| Complete 
|  48|0x00000000a4400000, 0x00000000a4400000, 0x00000000a4500000|  0%| F|  |TAMS 0x00000000a4400000, 0x00000000a4400000| Untracked 
|  49|0x00000000a4500000, 0x00000000a4500000, 0x00000000a4600000|  0%| F|  |TAMS 0x00000000a4500000, 0x00000000a4500000| Untracked 
|  50|0x00000000a4600000, 0x00000000a4600000, 0x00000000a4700000|  0%| F|  |TAMS 0x00000000a4600000, 0x00000000a4600000| Untracked 
|  51|0x00000000a4700000, 0x00000000a4700000, 0x00000000a4800000|  0%| F|  |TAMS 0x00000000a4700000, 0x00000000a4700000| Untracked 
|  52|0x00000000a4800000, 0x00000000a4800000, 0x00000000a4900000|  0%| F|  |TAMS 0x00000000a4800000, 0x00000000a4800000| Untracked 
|  53|0x00000000a4900000, 0x00000000a4900000, 0x00000000a4a00000|  0%| F|  |TAMS 0x00000000a4900000, 0x00000000a4900000| Untracked 
|  54|0x00000000a4a00000, 0x00000000a4a00000, 0x00000000a4b00000|  0%| F|  |TAMS 0x00000000a4a00000, 0x00000000a4a00000| Untracked 
|  55|0x00000000a4b00000, 0x00000000a4b00000, 0x00000000a4c00000|  0%| F|  |TAMS 0x00000000a4b00000, 0x00000000a4b00000| Untracked 
|  56|0x00000000a4c00000, 0x00000000a4c00000, 0x00000000a4d00000|  0%| F|  |TAMS 0x00000000a4c00000, 0x00000000a4c00000| Untracked 
|  57|0x00000000a4d00000, 0x00000000a4d00000, 0x00000000a4e00000|  0%| F|  |TAMS 0x00000000a4d00000, 0x00000000a4d00000| Untracked 
|  58|0x00000000a4e00000, 0x00000000a4e00000, 0x00000000a4f00000|  0%| F|  |TAMS 0x00000000a4e00000, 0x00000000a4e00000| Untracked 
|  59|0x00000000a4f00000, 0x00000000a4f00000, 0x00000000a5000000|  0%| F|  |TAMS 0x00000000a4f00000, 0x00000000a4f00000| Untracked 
|  60|0x00000000a5000000, 0x00000000a5000000, 0x00000000a5100000|  0%| F|  |TAMS 0x00000000a5000000, 0x00000000a5000000| Untracked 
|  61|0x00000000a5100000, 0x00000000a5100000, 0x00000000a5200000|  0%| F|  |TAMS 0x00000000a5100000, 0x00000000a5100000| Untracked 
|  62|0x00000000a5200000, 0x00000000a5200000, 0x00000000a5300000|  0%| F|  |TAMS 0x00000000a5200000, 0x00000000a5200000| Untracked 
|  63|0x00000000a5300000, 0x00000000a5300000, 0x00000000a5400000|  0%| F|  |TAMS 0x00000000a5300000, 0x00000000a5300000| Untracked 
|  64|0x00000000a5400000, 0x00000000a5400000, 0x00000000a5500000|  0%| F|  |TAMS 0x00000000a5400000, 0x00000000a5400000| Untracked 
|  65|0x00000000a5500000, 0x00000000a5600000, 0x00000000a5600000|100%| E|  |TAMS 0x00000000a5500000, 0x00000000a5500000| Complete 
|  66|0x00000000a5600000, 0x00000000a5700000, 0x00000000a5700000|100%| E|CS|TAMS 0x00000000a5600000, 0x00000000a5600000| Complete 
|  67|0x00000000a5700000, 0x00000000a5800000, 0x00000000a5800000|100%| E|CS|TAMS 0x00000000a5700000, 0x00000000a5700000| Complete 
|  68|0x00000000a5800000, 0x00000000a5900000, 0x00000000a5900000|100%| E|CS|TAMS 0x00000000a5800000, 0x00000000a5800000| Complete 
|  69|0x00000000a5900000, 0x00000000a5a00000, 0x00000000a5a00000|100%| E|CS|TAMS 0x00000000a5900000, 0x00000000a5900000| Complete 
|  70|0x00000000a5a00000, 0x00000000a5b00000, 0x00000000a5b00000|100%| E|CS|TAMS 0x00000000a5a00000, 0x00000000a5a00000| Complete 
|  71|0x00000000a5b00000, 0x00000000a5c00000, 0x00000000a5c00000|100%| E|CS|TAMS 0x00000000a5b00000, 0x00000000a5b00000| Complete 
|  72|0x00000000a5c00000, 0x00000000a5d00000, 0x00000000a5d00000|100%| E|CS|TAMS 0x00000000a5c00000, 0x00000000a5c00000| Complete 
|  73|0x00000000a5d00000, 0x00000000a5e00000, 0x00000000a5e00000|100%| E|CS|TAMS 0x00000000a5d00000, 0x00000000a5d00000| Complete 
|  74|0x00000000a5e00000, 0x00000000a5f00000, 0x00000000a5f00000|100%| E|CS|TAMS 0x00000000a5e00000, 0x00000000a5e00000| Complete 
|  75|0x00000000a5f00000, 0x00000000a6000000, 0x00000000a6000000|100%| E|CS|TAMS 0x00000000a5f00000, 0x00000000a5f00000| Complete 
|  76|0x00000000a6000000, 0x00000000a6100000, 0x00000000a6100000|100%| E|CS|TAMS 0x00000000a6000000, 0x00000000a6000000| Complete 
|  77|0x00000000a6100000, 0x00000000a6200000, 0x00000000a6200000|100%| E|CS|TAMS 0x00000000a6100000, 0x00000000a6100000| Complete 
|  78|0x00000000a6200000, 0x00000000a6300000, 0x00000000a6300000|100%| E|CS|TAMS 0x00000000a6200000, 0x00000000a6200000| Complete 
|  79|0x00000000a6300000, 0x00000000a6400000, 0x00000000a6400000|100%| E|CS|TAMS 0x00000000a6300000, 0x00000000a6300000| Complete 
|  80|0x00000000a6400000, 0x00000000a6500000, 0x00000000a6500000|100%| E|CS|TAMS 0x00000000a6400000, 0x00000000a6400000| Complete 
|  81|0x00000000a6500000, 0x00000000a6600000, 0x00000000a6600000|100%| E|CS|TAMS 0x00000000a6500000, 0x00000000a6500000| Complete 
|  82|0x00000000a6600000, 0x00000000a6700000, 0x00000000a6700000|100%| E|CS|TAMS 0x00000000a6600000, 0x00000000a6600000| Complete 
|  83|0x00000000a6700000, 0x00000000a6800000, 0x00000000a6800000|100%| E|CS|TAMS 0x00000000a6700000, 0x00000000a6700000| Complete 
|  84|0x00000000a6800000, 0x00000000a6900000, 0x00000000a6900000|100%| E|CS|TAMS 0x00000000a6800000, 0x00000000a6800000| Complete 
|  85|0x00000000a6900000, 0x00000000a6a00000, 0x00000000a6a00000|100%| E|CS|TAMS 0x00000000a6900000, 0x00000000a6900000| Complete 
|  86|0x00000000a6a00000, 0x00000000a6b00000, 0x00000000a6b00000|100%| E|CS|TAMS 0x00000000a6a00000, 0x00000000a6a00000| Complete 
|  87|0x00000000a6b00000, 0x00000000a6c00000, 0x00000000a6c00000|100%| E|CS|TAMS 0x00000000a6b00000, 0x00000000a6b00000| Complete 
|  88|0x00000000a6c00000, 0x00000000a6d00000, 0x00000000a6d00000|100%| E|CS|TAMS 0x00000000a6c00000, 0x00000000a6c00000| Complete 
|  89|0x00000000a6d00000, 0x00000000a6e00000, 0x00000000a6e00000|100%| E|CS|TAMS 0x00000000a6d00000, 0x00000000a6d00000| Complete 
|  90|0x00000000a6e00000, 0x00000000a6f00000, 0x00000000a6f00000|100%| E|CS|TAMS 0x00000000a6e00000, 0x00000000a6e00000| Complete 
|  91|0x00000000a6f00000, 0x00000000a7000000, 0x00000000a7000000|100%| E|CS|TAMS 0x00000000a6f00000, 0x00000000a6f00000| Complete 
|  92|0x00000000a7000000, 0x00000000a7100000, 0x00000000a7100000|100%| E|CS|TAMS 0x00000000a7000000, 0x00000000a7000000| Complete 
|  93|0x00000000a7100000, 0x00000000a7200000, 0x00000000a7200000|100%| E|CS|TAMS 0x00000000a7100000, 0x00000000a7100000| Complete 
|  94|0x00000000a7200000, 0x00000000a7300000, 0x00000000a7300000|100%| E|CS|TAMS 0x00000000a7200000, 0x00000000a7200000| Complete 
|  95|0x00000000a7300000, 0x00000000a7400000, 0x00000000a7400000|100%| E|CS|TAMS 0x00000000a7300000, 0x00000000a7300000| Complete 

Card table byte_map: [0x00000199ad140000,0x00000199ad440000] _byte_map_base: 0x00000199acc36000

Marking Bits (Prev, Next): (CMBitMap*) 0x000001999a385380, (CMBitMap*) 0x000001999a385348
 Prev Bits: [0x00000199aeef0000, 0x00000199b06a0000)
 Next Bits: [0x00000199ad740000, 0x00000199aeef0000)

Polling page: 0x0000019998250000

Metaspace:

Usage:
  Non-class:     25.39 MB capacity,    25.13 MB ( 99%) used,   228.20 KB ( <1%) free+waste,    43.69 KB ( <1%) overhead. 
      Class:      3.55 MB capacity,     3.38 MB ( 95%) used,   149.82 KB (  4%) free+waste,    20.13 KB ( <1%) overhead. 
       Both:     28.94 MB capacity,    28.51 MB ( 99%) used,   378.02 KB (  1%) free+waste,    63.81 KB ( <1%) overhead. 

Virtual space:
  Non-class space:       26.00 MB reserved,      25.50 MB ( 98%) committed 
      Class space:        1.00 GB reserved,       3.63 MB ( <1%) committed 
             Both:        1.03 GB reserved,      29.13 MB (  3%) committed 

Chunk freelists:
   Non-Class:  44.00 KB
       Class:  17.00 KB
        Both:  61.00 KB

MaxMetaspaceSize: 17179869184.00 GB
CompressedClassSpaceSize: 1.00 GB

CodeHeap 'non-profiled nmethods': size=120064Kb used=644Kb max_used=644Kb free=119419Kb
 bounds [0x00000199a5900000, 0x00000199a5b70000, 0x00000199ace40000]
CodeHeap 'profiled nmethods': size=120000Kb used=3900Kb max_used=3900Kb free=116099Kb
 bounds [0x000001999e3d0000, 0x000001999e7a0000, 0x00000199a5900000]
CodeHeap 'non-nmethods': size=5696Kb used=1160Kb max_used=1168Kb free=4535Kb
 bounds [0x000001999de40000, 0x000001999e0b0000, 0x000001999e3d0000]
 total_blobs=2563 nmethods=2059 adapters=415
 compilation: enabled
              stopped_count=0, restarted_count=0
 full_count=0

Compilation events (20 events):
Event: 2.707 Thread 0x00000199b2ba1000 2046   !   3       java.util.zip.ZipFile$ZipEntryIterator::next (76 bytes)
Event: 2.708 Thread 0x00000199b2ba1000 nmethod 2046 0x000001999e792090 code [0x000001999e7922a0, 0x000001999e792888]
Event: 2.708 Thread 0x00000199b2ba1000 2048       3       org.jetbrains.kotlin.com.intellij.util.containers.FactoryMap::get (69 bytes)
Event: 2.710 Thread 0x00000199b2ba1000 nmethod 2048 0x000001999e792c90 code [0x000001999e792f60, 0x000001999e793e18]
Event: 2.710 Thread 0x00000199b2ba1000 2049       3       gnu.trove.THashIterator::nextIndex (62 bytes)
Event: 2.710 Thread 0x00000199b2ba1000 nmethod 2049 0x000001999e794310 code [0x000001999e794500, 0x000001999e794988]
Event: 2.710 Thread 0x00000199b2ba1000 2050       1       gnu.trove.THashMap$Entry::getKey (5 bytes)
Event: 2.710 Thread 0x00000199b2ba1000 nmethod 2050 0x00000199a599fc90 code [0x00000199a599fe40, 0x00000199a599fef8]
Event: 2.710 Thread 0x00000199b2ba1000 2051       1       gnu.trove.THashMap$Entry::getValue (5 bytes)
Event: 2.711 Thread 0x00000199b2ba1000 nmethod 2051 0x00000199a599ff90 code [0x00000199a59a0140, 0x00000199a59a01f8]
Event: 2.711 Thread 0x00000199b2ba1000 2052       1       java.util.AbstractMap$SimpleEntry::getValue (5 bytes)
Event: 2.711 Thread 0x00000199b2ba1000 nmethod 2052 0x00000199a59a0290 code [0x00000199a59a0440, 0x00000199a59a04f8]
Event: 2.711 Thread 0x00000199b2ba1000 2053       1       java.util.AbstractMap$SimpleEntry::getKey (5 bytes)
Event: 2.711 Thread 0x00000199b2ba1000 nmethod 2053 0x00000199a59a0590 code [0x00000199a59a0740, 0x00000199a59a07f8]
Event: 2.711 Thread 0x00000199b2ba1000 2054       1       org.jetbrains.kotlin.com.intellij.openapi.vfs.impl.jar.CoreJarVirtualFile::setChildren (6 bytes)
Event: 2.711 Thread 0x00000199b2ba1000 nmethod 2054 0x00000199a59a0890 code [0x00000199a59a0a40, 0x00000199a59a0b38]
Event: 2.716 Thread 0x00000199b2ba1000 2055       3       gnu.trove.TObjectHash::insertionIndex (273 bytes)
Event: 2.717 Thread 0x00000199b2ba1000 nmethod 2055 0x000001999e794b90 code [0x000001999e794de0, 0x000001999e795a28]
Event: 2.720 Thread 0x00000199b2ba1000 2056       1       sun.nio.fs.NativeBuffer::size (5 bytes)
Event: 2.720 Thread 0x00000199b2ba1000 nmethod 2056 0x00000199a59a0b90 code [0x00000199a59a0d40, 0x00000199a59a0df8]

GC Heap History (4 events):
Event: 0.537 GC heap before
{Heap before GC invocations=0 (full 0):
 garbage-first heap   total 98304K, used 17408K [0x00000000a1400000, 0x0000000100000000)
  region size 1024K, 14 young (14336K), 0 survivors (0K)
 Metaspace       used 9766K, capacity 9871K, committed 10112K, reserved 1058816K
  class space    used 829K, capacity 884K, committed 896K, reserved 1048576K
}
Event: 0.541 GC heap after
{Heap after GC invocations=1 (full 0):
 garbage-first heap   total 98304K, used 5202K [0x00000000a1400000, 0x0000000100000000)
  region size 1024K, 2 young (2048K), 2 survivors (2048K)
 Metaspace       used 9766K, capacity 9871K, committed 10112K, reserved 1058816K
  class space    used 829K, capacity 884K, committed 896K, reserved 1048576K
}
Event: 1.756 GC heap before
{Heap before GC invocations=1 (full 0):
 garbage-first heap   total 98304K, used 51282K [0x00000000a1400000, 0x0000000100000000)
  region size 1024K, 48 young (49152K), 2 survivors (2048K)
 Metaspace       used 20918K, capacity 21101K, committed 21248K, reserved 1069056K
  class space    used 2219K, capacity 2286K, committed 2304K, reserved 1048576K
}
Event: 1.772 GC heap after
{Heap after GC invocations=2 (full 0):
 garbage-first heap   total 98304K, used 9511K [0x00000000a1400000, 0x0000000100000000)
  region size 1024K, 7 young (7168K), 7 survivors (7168K)
 Metaspace       used 20918K, capacity 21101K, committed 21248K, reserved 1069056K
  class space    used 2219K, capacity 2286K, committed 2304K, reserved 1048576K
}

Deoptimization events (20 events):
Event: 2.636 Thread 0x000001999a353000 Uncommon trap: trap_request=0xffffffde fr.pc=0x00000199a5986e84 relative=0x0000000000000064
Event: 2.636 Thread 0x000001999a353000 Uncommon trap: reason=class_check action=maybe_recompile pc=0x00000199a5986e84 method=java.util.LinkedHashMap.afterNodeInsertion(Z)V @ 15 c2
Event: 2.636 Thread 0x000001999a353000 DEOPT PACKING pc=0x00000199a5986e84 sp=0x000000431aafdad0
Event: 2.637 Thread 0x000001999a353000 DEOPT UNPACKING pc=0x000001999de678af sp=0x000000431aafda48 mode 2
Event: 2.637 Thread 0x000001999a353000 Uncommon trap: trap_request=0xffffffde fr.pc=0x00000199a5986e84 relative=0x0000000000000064
Event: 2.637 Thread 0x000001999a353000 Uncommon trap: reason=class_check action=maybe_recompile pc=0x00000199a5986e84 method=java.util.LinkedHashMap.afterNodeInsertion(Z)V @ 15 c2
Event: 2.637 Thread 0x000001999a353000 DEOPT PACKING pc=0x00000199a5986e84 sp=0x000000431aafdad0
Event: 2.637 Thread 0x000001999a353000 DEOPT UNPACKING pc=0x000001999de678af sp=0x000000431aafda48 mode 2
Event: 2.648 Thread 0x000001999a353000 Uncommon trap: trap_request=0xffffff4d fr.pc=0x00000199a59196e4 relative=0x0000000000000a04
Event: 2.648 Thread 0x000001999a353000 Uncommon trap: reason=unstable_if action=reinterpret pc=0x00000199a59196e4 method=java.util.zip.ZipFile$Source.getEntryPos([BZ)I @ 156 c2
Event: 2.648 Thread 0x000001999a353000 DEOPT PACKING pc=0x00000199a59196e4 sp=0x000000431aafdd70
Event: 2.648 Thread 0x000001999a353000 DEOPT UNPACKING pc=0x000001999de678af sp=0x000000431aafdd10 mode 2
Event: 2.666 Thread 0x000001999a353000 Uncommon trap: trap_request=0xffffffde fr.pc=0x00000199a5986e84 relative=0x0000000000000064
Event: 2.666 Thread 0x000001999a353000 Uncommon trap: reason=class_check action=maybe_recompile pc=0x00000199a5986e84 method=java.util.LinkedHashMap.afterNodeInsertion(Z)V @ 15 c2
Event: 2.666 Thread 0x000001999a353000 DEOPT PACKING pc=0x00000199a5986e84 sp=0x000000431aafdad0
Event: 2.666 Thread 0x000001999a353000 DEOPT UNPACKING pc=0x000001999de678af sp=0x000000431aafda48 mode 2
Event: 2.666 Thread 0x000001999a353000 Uncommon trap: trap_request=0xffffffde fr.pc=0x00000199a5986e84 relative=0x0000000000000064
Event: 2.666 Thread 0x000001999a353000 Uncommon trap: reason=class_check action=maybe_recompile pc=0x00000199a5986e84 method=java.util.LinkedHashMap.afterNodeInsertion(Z)V @ 15 c2
Event: 2.666 Thread 0x000001999a353000 DEOPT PACKING pc=0x00000199a5986e84 sp=0x000000431aafdad0
Event: 2.666 Thread 0x000001999a353000 DEOPT UNPACKING pc=0x000001999de678af sp=0x000000431aafda48 mode 2

Classes redefined (0 events):
No events

Internal exceptions (18 events):
Event: 1.370 Thread 0x000001999a353000 Exception <a 'java/lang/NoSuchMethodError'{0x00000000a5252180}: 'int java.lang.invoke.DirectMethodHandle$Holder.invokeSpecialIFC(java.lang.Object, java.lang.Object, int)'> (0x00000000a5252180) thrown at [./src/hotspot/share/interpreter/linkResolver.cpp, line 773]
Event: 1.628 Thread 0x000001999a353000 Exception <a 'java/lang/NoSuchMethodError'{0x00000000a4a7f328}: 'java.lang.Object java.lang.invoke.DirectMethodHandle$Holder.invokeStaticInit(java.lang.Object, int)'> (0x00000000a4a7f328) thrown at [./src/hotspot/share/interpreter/linkResolver.cpp, line 773]
Event: 1.668 Thread 0x000001999a353000 Exception <a 'java/lang/NoSuchMethodError'{0x00000000a4820720}: 'long java.lang.invoke.DirectMethodHandle$Holder.invokeStatic(java.lang.Object)'> (0x00000000a4820720) thrown at [./src/hotspot/share/interpreter/linkResolver.cpp, line 773]
Event: 1.669 Thread 0x000001999a353000 Exception <a 'java/lang/NoSuchMethodError'{0x00000000a4823578}: 'long java.lang.invoke.DirectMethodHandle$Holder.invokeStaticInit(java.lang.Object)'> (0x00000000a4823578) thrown at [./src/hotspot/share/interpreter/linkResolver.cpp, line 773]
Event: 1.732 Thread 0x000001999a353000 Exception <a 'java/lang/NoSuchMethodError'{0x00000000a4591830}: 'int java.lang.invoke.DirectMethodHandle$Holder.invokeStaticInit(java.lang.Object, java.lang.Object, java.lang.Object)'> (0x00000000a4591830) thrown at [./src/hotspot/share/interpreter/linkResolver.cpp, line 773]
Event: 1.736 Thread 0x000001999a353000 Exception <a 'java/lang/NoSuchMethodError'{0x00000000a45bcef0}: 'int java.lang.invoke.DirectMethodHandle$Holder.invokeStaticInit(java.lang.Object, java.lang.Object)'> (0x00000000a45bcef0) thrown at [./src/hotspot/share/interpreter/linkResolver.cpp, line 773]
Event: 2.017 Thread 0x000001999a353000 Exception <a 'java/lang/NoSuchMethodError'{0x00000000a6a0d840}: 'java.lang.Object java.lang.invoke.DirectMethodHandle$Holder.invokeStatic(java.lang.Object, java.lang.Object, java.lang.Object, java.lang.Object, java.lang.Object, java.lang.Object, java.lang.Object, java.lang.Object, java.lang.Object, java.lang.Object, java.lang.Object, java.lang.Object, java.lang.Object, java.lang.Object, java.lang.Object)'> (0x00000000a6a0d840) thrown at [./src/hotspot/share/interpreter/linkResolver.cpp, line 773]
Event: 2.019 Thread 0x000001999a353000 Exception <a 'java/lang/NoSuchMethodError'{0x00000000a6a1bbe0}: 'java.lang.Object java.lang.invoke.DirectMethodHandle$Holder.invokeStatic(java.lang.Object, java.lang.Object, java.lang.Object, java.lang.Object, java.lang.Object, java.lang.Object, java.lang.Object, java.lang.Object, java.lang.Object, java.lang.Object, java.lang.Object, java.lang.Object, java.lang.Object, java.lang.Object, java.lang.Object, java.lang.Object)'> (0x00000000a6a1bbe0) thrown at [./src/hotspot/share/interpreter/linkResolver.cpp, l
Event: 2.021 Thread 0x000001999a353000 Exception <a 'java/lang/NoSuchMethodError'{0x00000000a6a29af8}: 'java.lang.Object java.lang.invoke.DirectMethodHandle$Holder.invokeSpecial(java.lang.Object, java.lang.Object, int, int, java.lang.Object, java.lang.Object, java.lang.Object)'> (0x00000000a6a29af8) thrown at [./src/hotspot/share/interpreter/linkResolver.cpp, line 773]
Event: 2.021 Thread 0x000001999a353000 Exception <a 'java/lang/NoSuchMethodError'{0x00000000a6a2d330}: 'java.lang.Object java.lang.invoke.DelegatingMethodHandle$Holder.reinvoke_L(java.lang.Object, int, int, java.lang.Object, java.lang.Object, java.lang.Object)'> (0x00000000a6a2d330) thrown at [./src/hotspot/share/interpreter/linkResolver.cpp, line 773]
Event: 2.022 Thread 0x000001999a353000 Exception <a 'java/lang/NoSuchMethodError'{0x00000000a6a316b8}: 'java.lang.Object java.lang.invoke.DirectMethodHandle$Holder.invokeStatic(java.lang.Object, java.lang.Object, java.lang.Object, java.lang.Object, int)'> (0x00000000a6a316b8) thrown at [./src/hotspot/share/interpreter/linkResolver.cpp, line 773]
Event: 2.078 Thread 0x000001999a353000 Implicit null exception at 0x00000199a59862ac to 0x00000199a598645a
Event: 2.131 Thread 0x000001999a353000 Exception <a 'java/lang/NoSuchMethodError'{0x00000000a65b1978}: 'void java.lang.invoke.DirectMethodHandle$Holder.invokeStatic(java.lang.Object, java.lang.Object, java.lang.Object, java.lang.Object)'> (0x00000000a65b1978) thrown at [./src/hotspot/share/interpreter/linkResolver.cpp, line 773]
Event: 2.193 Thread 0x000001999a353000 Exception <a 'java/lang/NoSuchMethodError'{0x00000000a6301ba8}: 'void java.lang.invoke.DirectMethodHandle$Holder.invokeSpecial(java.lang.Object, java.lang.Object)'> (0x00000000a6301ba8) thrown at [./src/hotspot/share/interpreter/linkResolver.cpp, line 773]
Event: 2.258 Thread 0x000001999a353000 Exception <a 'java/lang/NoSuchMethodError'{0x00000000a61a46d0}: 'void java.lang.invoke.DirectMethodHandle$Holder.invokeStaticInit(java.lang.Object, java.lang.Object)'> (0x00000000a61a46d0) thrown at [./src/hotspot/share/interpreter/linkResolver.cpp, line 773]
Event: 2.271 Thread 0x000001999a353000 Exception <a 'java/lang/NoSuchMethodError'{0x00000000a61e2ae8}: 'void java.lang.invoke.DirectMethodHandle$Holder.invokeInterface(java.lang.Object, java.lang.Object)'> (0x00000000a61e2ae8) thrown at [./src/hotspot/share/interpreter/linkResolver.cpp, line 773]
Event: 2.378 Thread 0x000001999a353000 Exception <a 'java/lang/NoSuchMethodError'{0x00000000a5dfd048}: 'void java.lang.invoke.DirectMethodHandle$Holder.invokeVirtual(java.lang.Object, java.lang.Object)'> (0x00000000a5dfd048) thrown at [./src/hotspot/share/interpreter/linkResolver.cpp, line 773]
Event: 2.395 Thread 0x000001999a353000 Exception <a 'java/lang/NoSuchMethodError'{0x00000000a5c739c8}: 'int java.lang.invoke.DirectMethodHandle$Holder.invokeVirtual(java.lang.Object, java.lang.Object)'> (0x00000000a5c739c8) thrown at [./src/hotspot/share/interpreter/linkResolver.cpp, line 773]

Events (20 events):
Event: 2.655 loading class org/jetbrains/kotlin/com/intellij/util/Function
Event: 2.655 loading class org/jetbrains/kotlin/com/intellij/util/Function done
Event: 2.655 loading class org/jetbrains/kotlin/com/intellij/util/containers/FactoryMap
Event: 2.655 loading class org/jetbrains/kotlin/com/intellij/util/containers/FactoryMap done
Event: 2.657 loading class org/jetbrains/kotlin/com/intellij/util/containers/FactoryMap$1
Event: 2.657 loading class org/jetbrains/kotlin/com/intellij/util/containers/FactoryMap$1 done
Event: 2.659 loading class org/jetbrains/kotlin/com/intellij/openapi/util/io/BufferExposingByteArrayInputStream
Event: 2.659 loading class org/jetbrains/kotlin/com/intellij/openapi/util/io/BufferExposingByteArrayInputStream done
Event: 2.659 loading class org/jetbrains/kotlin/com/intellij/util/io/UnsyncByteArrayInputStream
Event: 2.659 loading class org/jetbrains/kotlin/com/intellij/util/io/UnsyncByteArrayInputStream done
Event: 2.662 loading class gnu/trove/THashMap$EntryView
Event: 2.662 loading class gnu/trove/THashMap$EntryView done
Event: 2.662 loading class org/jetbrains/kotlin/com/intellij/util/Function
Event: 2.662 loading class org/jetbrains/kotlin/com/intellij/util/Function done
Event: 2.663 loading class gnu/trove/THashMap$EntryView$EntryIterator
Event: 2.663 loading class gnu/trove/THashMap$EntryView$EntryIterator done
Event: 2.663 loading class gnu/trove/THashMap$Entry
Event: 2.663 loading class gnu/trove/THashMap$Entry done
Event: 2.664 loading class java/util/AbstractMap$SimpleEntry
Event: 2.664 loading class java/util/AbstractMap$SimpleEntry done


Dynamic libraries:
0x00007ff7bfcf0000 - 0x00007ff7bfcfa000 	C:\Program Files\Android\Android Studio\jre\bin\java.exe
0x00007ff9da210000 - 0x00007ff9da405000 	C:\windows\SYSTEM32\ntdll.dll
0x00007ff9d8270000 - 0x00007ff9d832e000 	C:\windows\System32\KERNEL32.DLL
0x00007ff9d7930000 - 0x00007ff9d7bf8000 	C:\windows\System32\KERNELBASE.dll
0x00007ff9d7d60000 - 0x00007ff9d7e60000 	C:\windows\System32\ucrtbase.dll
0x00007ff9bdb80000 - 0x00007ff9bdb97000 	C:\Program Files\Android\Android Studio\jre\bin\VCRUNTIME140.dll
0x00007ff9c66b0000 - 0x00007ff9c66c9000 	C:\Program Files\Android\Android Studio\jre\bin\jli.dll
0x00007ff9d94c0000 - 0x00007ff9d9660000 	C:\windows\System32\USER32.dll
0x00007ff9d7e60000 - 0x00007ff9d7e82000 	C:\windows\System32\win32u.dll
0x00007ff9d8b80000 - 0x00007ff9d8bab000 	C:\windows\System32\GDI32.dll
0x00007ff9d7fc0000 - 0x00007ff9d80cb000 	C:\windows\System32\gdi32full.dll
0x00007ff9cb9f0000 - 0x00007ff9cbc8a000 	C:\windows\WinSxS\amd64_microsoft.windows.common-controls_6595b64144ccf1df_6.0.19041.1110_none_60b5254171f9507e\COMCTL32.dll
0x00007ff9d7e90000 - 0x00007ff9d7f2d000 	C:\windows\System32\msvcp_win.dll
0x00007ff9d83b0000 - 0x00007ff9d844e000 	C:\windows\System32\msvcrt.dll
0x00007ff9d8610000 - 0x00007ff9d8640000 	C:\windows\System32\IMM32.DLL
0x00007ff99e9e0000 - 0x00007ff99ea7d000 	C:\Program Files\Android\Android Studio\jre\bin\msvcp140.dll
0x00007ff96d3e0000 - 0x00007ff96deaf000 	C:\Program Files\Android\Android Studio\jre\bin\server\jvm.dll
0x00007ff9d8ad0000 - 0x00007ff9d8b7e000 	C:\windows\System32\ADVAPI32.dll
0x00007ff9d8a30000 - 0x00007ff9d8acc000 	C:\windows\System32\sechost.dll
0x00007ff9d87c0000 - 0x00007ff9d88e5000 	C:\windows\System32\RPCRT4.dll
0x00007ff9d89b0000 - 0x00007ff9d89b8000 	C:\windows\System32\PSAPI.DLL
0x00007ff9ceac0000 - 0x00007ff9ceae7000 	C:\windows\SYSTEM32\WINMM.dll
0x00007ff9ceaf0000 - 0x00007ff9ceafa000 	C:\windows\SYSTEM32\VERSION.dll
0x00007ff9b4770000 - 0x00007ff9b4779000 	C:\windows\SYSTEM32\WSOCK32.dll
0x00007ff9d89c0000 - 0x00007ff9d8a2b000 	C:\windows\System32\WS2_32.dll
0x00007ff9d5760000 - 0x00007ff9d5772000 	C:\windows\SYSTEM32\kernel.appcore.dll
0x00007ff991330000 - 0x00007ff991341000 	C:\Program Files\Android\Android Studio\jre\bin\verify.dll
0x00007ff9c6eb0000 - 0x00007ff9c7094000 	C:\windows\SYSTEM32\DBGHELP.DLL
0x00007ff9c91d0000 - 0x00007ff9c91fc000 	C:\windows\SYSTEM32\dbgcore.DLL
0x00007ff9d7f30000 - 0x00007ff9d7fb2000 	C:\windows\System32\bcryptPrimitives.dll
0x00007ff991300000 - 0x00007ff991329000 	C:\Program Files\Android\Android Studio\jre\bin\java.dll
0x00007ff9a8d90000 - 0x00007ff9a8d9b000 	C:\Program Files\Android\Android Studio\jre\bin\jimage.dll
0x00007ff9912e0000 - 0x00007ff9912f8000 	C:\Program Files\Android\Android Studio\jre\bin\zip.dll
0x00007ff9d8d10000 - 0x00007ff9d9454000 	C:\windows\System32\SHELL32.dll
0x00007ff9d5a40000 - 0x00007ff9d61d4000 	C:\windows\SYSTEM32\windows.storage.dll
0x00007ff9d9e70000 - 0x00007ff9da1c4000 	C:\windows\System32\combase.dll
0x00007ff9d7320000 - 0x00007ff9d734c000 	C:\windows\SYSTEM32\Wldp.dll
0x00007ff9d8640000 - 0x00007ff9d86ed000 	C:\windows\System32\SHCORE.dll
0x00007ff9d9c10000 - 0x00007ff9d9c65000 	C:\windows\System32\shlwapi.dll
0x00007ff9d7870000 - 0x00007ff9d788f000 	C:\windows\SYSTEM32\profapi.dll
0x00007ff96d3c0000 - 0x00007ff96d3da000 	C:\Program Files\Android\Android Studio\jre\bin\net.dll
0x00007ff9cbf70000 - 0x00007ff9cc079000 	C:\windows\SYSTEM32\WINHTTP.dll
0x00007ff9d7080000 - 0x00007ff9d70ea000 	C:\windows\system32\mswsock.dll
0x00007ff96d3a0000 - 0x00007ff96d3b4000 	C:\Program Files\Android\Android Studio\jre\bin\nio.dll

dbghelp: loaded successfully - version: 4.0.5 - missing functions: none
symbol engine: initialized successfully - sym options: 0x614 - pdb path: .;C:\Program Files\Android\Android Studio\jre\bin;C:\windows\SYSTEM32;C:\windows\WinSxS\amd64_microsoft.windows.common-controls_6595b64144ccf1df_6.0.19041.1110_none_60b5254171f9507e;C:\Program Files\Android\Android Studio\jre\bin\server

VM Arguments:
java_command: org.jetbrains.kotlin.cli.jvm.K2JVMCompiler @D:\AndroidStudioProjects_2022\EnergiaDir\huertosolar\build\20220328_8499613827335787893.compiler.options
java_class_path (initial): C:\Users\juanf\.gradle\caches\modules-2\files-2.1\org.jetbrains.kotlin\kotlin-compiler-embeddable\1.5.21\40ddbcae9ff100473f95370c2d589ba3fc48eed5\kotlin-compiler-embeddable-1.5.21.jar;C:\Users\juanf\.gradle\caches\modules-2\files-2.1\org.jetbrains.kotlin\kotlin-reflect\1.5.21\802f1f39735ae1eb2b75714a40fa19bb2e687e96\kotlin-reflect-1.5.21.jar;C:\Users\juanf\.gradle\caches\modules-2\files-2.1\org.jetbrains.kotlin\kotlin-stdlib\1.5.21\2f537cad7e9eeb9da73738c8812e1e4cf9b62e4e\kotlin-stdlib-1.5.21.jar;C:\Users\juanf\.gradle\caches\modules-2\files-2.1\org.jetbrains.kotlin\kotlin-script-runtime\1.5.21\96d49e89873fde985750af354b6eabb60cfa999b\kotlin-script-runtime-1.5.21.jar;C:\Users\juanf\.gradle\caches\modules-2\files-2.1\org.jetbrains.kotlin\kotlin-daemon-embeddable\1.5.21\17255809e66a940dfdf6289bccbdfb5a09f3145\kotlin-daemon-embeddable-1.5.21.jar;C:\Users\juanf\.gradle\caches\modules-2\files-2.1\org.jetbrains.intellij.deps\trove4j\1.0.20181211\216c2e14b070f334479d800987affe4054cd563f\trove4j-1.0.20181211.jar;C:\Users\juanf\.gradle\caches\modules-2\files-2.1\org.jetbrains\annotations\13.0\919f0dfe192fb4e063e7dacadee7f8bb9a2672a9\annotations-13.0.jar;C:\Users\juanf\.gradle\caches\modules-2\files-2.1\org.jetbrains.kotlin\kotlin-stdlib-common\1.5.21\cc8bf3586fd2ebcf234058b9440bb406e62dfacb\kotlin-stdlib-common-1.5.21.jar
Launcher Type: SUN_STANDARD

[Global flags]
     intx CICompilerCount                          = 3                                         {product} {ergonomic}
     uint ConcGCThreads                            = 1                                         {product} {ergonomic}
     uint G1ConcRefinementThreads                  = 4                                         {product} {ergonomic}
   size_t G1HeapRegionSize                         = 1048576                                   {product} {ergonomic}
    uintx GCDrainStackTargetSize                   = 64                                        {product} {ergonomic}
   size_t InitialHeapSize                          = 100663296                                 {product} {ergonomic}
   size_t MarkStackSize                            = 4194304                                   {product} {ergonomic}
   size_t MaxHeapSize                              = 1589641216                                {product} {ergonomic}
   size_t MaxNewSize                               = 953155584                                 {product} {ergonomic}
   size_t MinHeapDeltaBytes                        = 1048576                                   {product} {ergonomic}
    uintx NonNMethodCodeHeapSize                   = 5830732                                {pd product} {ergonomic}
    uintx NonProfiledCodeHeapSize                  = 122913754                              {pd product} {ergonomic}
    uintx ProfiledCodeHeapSize                     = 122913754                              {pd product} {ergonomic}
    uintx ReservedCodeCacheSize                    = 251658240                              {pd product} {ergonomic}
     bool SegmentedCodeCache                       = true                                      {product} {ergonomic}
     bool UseCompressedClassPointers               = true                                 {lp64_product} {ergonomic}
     bool UseCompressedOops                        = true                                 {lp64_product} {ergonomic}
     bool UseG1GC                                  = true                                      {product} {ergonomic}
     bool UseLargePagesIndividualAllocation        = false                                  {pd product} {ergonomic}

Logging:
Log output configuration:
 #0: stdout all=warning uptime,level,tags
 #1: stderr all=off uptime,level,tags

Environment Variables:
PATH=C:\Program Files\Microsoft\jdk-11.0.12.7-hotspot\bin;C:\Program Files (x86)\Common Files\Oracle\Java\javapath;C:\ProgramData\Oracle\Java\javapath;C:\Program Files\Microsoft MPI\Bin\;C:\windows\system32;C:\windows;C:\windows\System32\Wbem;C:\windows\System32\WindowsPowerShell\v1.0\;C:\windows\System32\OpenSSH\;C:\Program Files\dotnet\;C:\Program Files\Microsoft SQL Server\130\Tools\Binn\;C:\Program Files\Microsoft SQL Server\Client SDK\ODBC\170\Tools\Binn\;C:\Program Files\Microsoft SQL Server\110\Tools\Binn\;C:\Program Files\Microsoft SQL Server\120\Tools\Binn\;C:\Program Files (x86)\Microsoft SQL Server\150\DTS\Binn\;C:\Program Files\Azure Data Studio\bin;C:\Program Files (x86)\Microsoft SQL Server\140\Tools\Binn\;C:\Program Files\Microsoft SQL Server\140\Tools\Binn\;C:\Program Files (x86)\Microsoft SQL Server\140\DTS\Binn\;C:\Program Files\Microsoft SQL Server\140\DTS\Binn\;C:\Program Files\Microsoft SQL Server\Client SDK\ODBC\130\Tools\Binn\;C:\Program Files\nodejs\;"C:\Users\juanf\AppData\Local\Microsoft\WindowsApps;C:\Users\juanf\.dotnet\tools;C:\Program Files\Azure Data Studio\bin;C:\Users\juanf\AppData\Roaming\npm;C:\Users\juanf\AppData\Local\Programs\Python\Python39;";C:\Users\juanf\AppData\Local\Programs\Python\Python39;C:\Program Files\Go\bin;C:\Program Files\Microsoft SQL Server\150\Tools\Binn\;C:\Program Files\Git\cmd;C:\Users\juanf\AppData\Local\Programs\Python\Python39\Scripts\;C:\Users\juanf\AppData\Local\Programs\Python\Python39\;C:\Ruby30-x64\bin;C:\Users\juanf\AppData\Local\Microsoft\WindowsApps;C:\Users\juanf\.dotnet\tools;C:\Program Files\Azure Data Studio\bin;C:\Users\juanf\AppData\Roaming\npm;C:\Users\juanf\AppData\Local\Programs\Python\Python39;C:\Users\juanf\AppData\Local\Programs\Microsoft VS Code\bin;C:\Users\juanf\AppData\Local\atom\bin;C:\Program Files\JetBrains\PyCharm Community Edition 2021.2.2\bin;;C:\Users\juanf\go\bin;C:\Users\juanf\AppData\Local\Coursier\data\bin;C:\Users\juanf\.dotnet\tools
USERNAME=JJ
OS=Windows_NT
PROCESSOR_IDENTIFIER=AMD64 Family 23 Model 24 Stepping 1, AuthenticAMD



---------------  S Y S T E M  ---------------

OS: Windows 10 , 64 bit Build 19041 (10.0.19041.1566)
OS uptime: 0 days 4:07 hours

CPU:total 4 (initial active 4) (4 cores per cpu, 2 threads per core) family 23 model 24 stepping 1 microcode 0x0, cmov, cx8, fxsr, mmx, sse, sse2, sse3, ssse3, sse4.1, sse4.2, popcnt, avx, avx2, aes, clmul, mmxext, 3dnowpref, lzcnt, sse4a, ht, tsc, tscinvbit, tscinv, bmi1, bmi2, adx, s

Memory: 4k page, system-wide physical 6063M (312M free)
TotalPageFile size 14726M (AvailPageFile size 5M)
current process WorkingSet (physical memory assigned to process): 165M, peak: 167M
current process commit charge ("private bytes"): 230M, peak: 232M

vm_info: OpenJDK 64-Bit Server VM (11.0.10+0-b96-7249189) for windows-amd64 JRE (11.0.10+0-b96-7249189), built on Mar 31 2021 21:44:00 by "builder" with MS VC++ 14.0 (VS2015)

END.
